Linux 6.6.87.2-microsoft-standard-WSL2 (SkyBook) 	10/07/25 	_x86_64_	(16 CPU)

11:00:20     CPU    %usr   %nice    %sys %iowait    %irq   %soft  %steal  %guest  %gnice   %idle
11:00:21     all    0.25    0.00    0.38    0.00    0.00    0.06    0.00    0.00    0.00   99.31
11:00:21       0    0.00    0.00    0.00    0.00    0.00    0.00    0.00    0.00    0.00  100.00
11:00:21       1    0.00    0.00    0.99    0.00    0.00    0.00    0.00    0.00    0.00   99.01
11:00:21       2    0.00    0.00    0.00    0.00    0.00    1.00    0.00    0.00    0.00   99.00
11:00:21       3    0.00    0.00    1.00    0.00    0.00    0.00    0.00    0.00    0.00   99.00
11:00:21       4    0.00    0.00    0.00    0.00    0.00    0.00    0.00    0.00    0.00  100.00
11:00:21       5    0.00    0.00    0.00    0.00    0.00    0.00    0.00    0.00    0.00  100.00
11:00:21       6    1.00    0.00    0.00    0.00    0.00    0.00    0.00    0.00    0.00   99.00
11:00:21       7    0.00    0.00    0.00    0.00    0.00    0.00    0.00    0.00    0.00  100.00
11:00:21       8    0.00    0.00    0.00    0.00    0.00    0.00    0.00    0.00    0.00  100.00
11:00:21       9    2.00    0.00    1.00    0.00    0.00    0.00    0.00    0.00    0.00   97.00
11:00:21      10    0.00    0.00    1.00    0.00    0.00    0.00    0.00    0.00    0.00   99.00
11:00:21      11    0.00    0.00    0.99    0.00    0.00    0.00    0.00    0.00    0.00   99.01
11:00:21      12    0.00    0.00    0.00    0.00    0.00    0.00    0.00    0.00    0.00  100.00
11:00:21      13    0.00    0.00    0.00    0.00    0.00    0.00    0.00    0.00    0.00  100.00
11:00:21      14    1.01    0.00    1.01    0.00    0.00    0.00    0.00    0.00    0.00   97.98
11:00:21      15    0.00    0.00    0.00    0.00    0.00    0.00    0.00    0.00    0.00  100.00

11:00:21     CPU    %usr   %nice    %sys %iowait    %irq   %soft  %steal  %guest  %gnice   %idle
11:00:22     all    0.50    0.00    0.25    0.06    0.00    0.00    0.00    0.00    0.00   99.19
11:00:22       0    0.99    0.00    0.99    0.99    0.00    0.00    0.00    0.00    0.00   97.03
11:00:22       1    0.00    0.00    1.00    0.00    0.00    0.00    0.00    0.00    0.00   99.00
11:00:22       2    1.00    0.00    0.00    0.00    0.00    0.00    0.00    0.00    0.00   99.00
11:00:22       3    0.00    0.00    0.00    0.00    0.00    0.00    0.00    0.00    0.00  100.00
11:00:22       4    0.00    0.00    0.99    0.00    0.00    0.00    0.00    0.00    0.00   99.01
11:00:22       5    0.00    0.00    0.00    0.00    0.00    0.00    0.00    0.00    0.00  100.00
11:00:22       6    1.00    0.00    0.00    0.00    0.00    0.00    0.00    0.00    0.00   99.00
11:00:22       7    0.00    0.00    0.00    0.00    0.00    0.00    0.00    0.00    0.00  100.00
11:00:22       8    0.00    0.00    0.00    0.00    0.00    0.00    0.00    0.00    0.00  100.00
11:00:22       9    3.96    0.00    0.99    0.00    0.00    0.00    0.00    0.00    0.00   95.05
11:00:22      10    1.00    0.00    0.00    0.00    0.00    0.00    0.00    0.00    0.00   99.00
11:00:22      11    0.00    0.00    0.00    0.00    0.00    0.00    0.00    0.00    0.00  100.00
11:00:22      12    0.00    0.00    0.00    0.00    0.00    0.00    0.00    0.00    0.00  100.00
11:00:22      13    0.00    0.00    0.00    0.00    0.00    0.00    0.00    0.00    0.00  100.00
11:00:22      14    0.00    0.00    0.00    0.00    0.00    0.00    0.00    0.00    0.00  100.00
11:00:22      15    0.00    0.00    0.00    0.00    0.00    0.00    0.00    0.00    0.00  100.00

11:00:22     CPU    %usr   %nice    %sys %iowait    %irq   %soft  %steal  %guest  %gnice   %idle
11:00:23     all    0.31    0.00    0.50    0.00    0.00    0.00    0.00    0.00    0.00   99.19
11:00:23       0    0.00    0.00    0.00    0.00    0.00    0.00    0.00    0.00    0.00  100.00
11:00:23       1    1.98    0.00    0.99    0.00    0.00    0.00    0.00    0.00    0.00   97.03
11:00:23       2    0.00    0.00    0.00    0.00    0.00    0.00    0.00    0.00    0.00  100.00
11:00:23       3    0.00    0.00    1.98    0.00    0.00    0.00    0.00    0.00    0.00   98.02
11:00:23       4    0.00    0.00    0.00    0.00    0.00    0.00    0.00    0.00    0.00  100.00
11:00:23       5    0.00    0.00    1.00    0.00    0.00    0.00    0.00    0.00    0.00   99.00
11:00:23       6    0.00    0.00    0.99    0.00    0.00    0.00    0.00    0.00    0.00   99.01
11:00:23       7    0.00    0.00    0.00    0.00    0.00    0.00    0.00    0.00    0.00  100.00
11:00:23       8    0.00    0.00    0.00    0.00    0.00    0.00    0.00    0.00    0.00  100.00
11:00:23       9    2.02    0.00    0.00    0.00    0.00    0.00    0.00    0.00    0.00   97.98
11:00:23      10    0.00    0.00    1.00    0.00    0.00    0.00    0.00    0.00    0.00   99.00
11:00:23      11    0.00    0.00    0.00    0.00    0.00    0.00    0.00    0.00    0.00  100.00
11:00:23      12    0.00    0.00    0.00    0.00    0.00    0.00    0.00    0.00    0.00  100.00
11:00:23      13    1.00    0.00    0.00    0.00    0.00    0.00    0.00    0.00    0.00   99.00
11:00:23      14    0.00    0.00    2.04    0.00    0.00    0.00    0.00    0.00    0.00   97.96
11:00:23      15    0.00    0.00    0.00    0.00    0.00    0.00    0.00    0.00    0.00  100.00

11:00:23     CPU    %usr   %nice    %sys %iowait    %irq   %soft  %steal  %guest  %gnice   %idle
11:00:24     all    0.19    0.00    0.31    0.00    0.00    0.00    0.00    0.00    0.00   99.50
11:00:24       0    0.00    0.00    1.98    0.00    0.00    0.00    0.00    0.00    0.00   98.02
11:00:24       1    0.00    0.00    0.00    0.00    0.00    0.00    0.00    0.00    0.00  100.00
11:00:24       2    0.00    0.00    0.00    0.00    0.00    0.00    0.00    0.00    0.00  100.00
11:00:24       3    0.00    0.00    0.00    0.00    0.00    0.00    0.00    0.00    0.00  100.00
11:00:24       4    0.00    0.00    1.00    0.00    0.00    0.00    0.00    0.00    0.00   99.00
11:00:24       5    0.00    0.00    1.00    0.00    0.00    0.00    0.00    0.00    0.00   99.00
11:00:24       6    0.00    0.00    0.00    0.00    0.00    0.00    0.00    0.00    0.00  100.00
11:00:24       7    0.00    0.00    0.00    0.00    0.00    0.00    0.00    0.00    0.00  100.00
11:00:24       8    0.00    0.00    0.00    0.00    0.00    0.00    0.00    0.00    0.00  100.00
11:00:24       9    3.03    0.00    0.00    0.00    0.00    0.00    0.00    0.00    0.00   96.97
11:00:24      10    0.00    0.00    1.00    0.00    0.00    0.00    0.00    0.00    0.00   99.00
11:00:24      11    0.00    0.00    0.00    0.00    0.00    0.00    0.00    0.00    0.00  100.00
11:00:24      12    0.00    0.00    0.00    0.00    0.00    0.00    0.00    0.00    0.00  100.00
11:00:24      13    0.00    0.00    0.00    0.00    0.00    0.00    0.00    0.00    0.00  100.00
11:00:24      14    0.00    0.00    0.00    0.00    0.00    0.00    0.00    0.00    0.00  100.00
11:00:24      15    0.00    0.00    0.00    0.00    0.00    0.00    0.00    0.00    0.00  100.00

11:00:24     CPU    %usr   %nice    %sys %iowait    %irq   %soft  %steal  %guest  %gnice   %idle
11:00:25     all    0.25    0.00    0.13    0.00    0.00    0.00    0.00    0.00    0.00   99.62
11:00:25       0    0.00    0.00    0.00    0.00    0.00    0.00    0.00    0.00    0.00  100.00
11:00:25       1    0.00    0.00    1.00    0.00    0.00    0.00    0.00    0.00    0.00   99.00
11:00:25       2    0.99    0.00    0.00    0.00    0.00    0.00    0.00    0.00    0.00   99.01
11:00:25       3    1.00    0.00    0.00    0.00    0.00    0.00    0.00    0.00    0.00   99.00
11:00:25       4    0.00    0.00    0.00    0.00    0.00    0.00    0.00    0.00    0.00  100.00
11:00:25       5    0.00    0.00    0.00    0.00    0.00    0.00    0.00    0.00    0.00  100.00
11:00:25       6    0.00    0.00    0.00    0.00    0.00    0.00    0.00    0.00    0.00  100.00
11:00:25       7    0.00    0.00    0.00    0.00    0.00    0.00    0.00    0.00    0.00  100.00
11:00:25       8    0.00    0.00    0.00    0.00    0.00    0.00    0.00    0.00    0.00  100.00
11:00:25       9    2.00    0.00    0.00    0.00    0.00    0.00    0.00    0.00    0.00   98.00
11:00:25      10    0.00    0.00    0.00    0.00    0.00    0.00    0.00    0.00    0.00  100.00
11:00:25      11    0.00    0.00    0.00    0.00    0.00    0.00    0.00    0.00    0.00  100.00
11:00:25      12    0.00    0.00    0.00    0.00    0.00    0.00    0.00    0.00    0.00  100.00
11:00:25      13    0.00    0.00    0.00    0.00    0.00    0.00    0.00    0.00    0.00  100.00
11:00:25      14    0.00    0.00    1.00    0.00    0.00    0.00    0.00    0.00    0.00   99.00
11:00:25      15    0.00    0.00    0.00    0.00    0.00    0.00    0.00    0.00    0.00  100.00

11:00:25     CPU    %usr   %nice    %sys %iowait    %irq   %soft  %steal  %guest  %gnice   %idle
11:00:26     all    0.25    0.00    0.13    0.00    0.00    0.00    0.00    0.00    0.00   99.62
11:00:26       0    0.00    0.00    0.00    0.00    0.00    0.00    0.00    0.00    0.00  100.00
11:00:26       1    0.00    0.00    0.00    0.00    0.00    0.00    0.00    0.00    0.00  100.00
11:00:26       2    0.00    0.00    0.00    0.00    0.00    0.00    0.00    0.00    0.00  100.00
11:00:26       3    0.00    0.00    1.00    0.00    0.00    0.00    0.00    0.00    0.00   99.00
11:00:26       4    0.00    0.00    0.00    0.00    0.00    0.00    0.00    0.00    0.00  100.00
11:00:26       5    0.00    0.00    0.99    0.00    0.00    0.00    0.00    0.00    0.00   99.01
11:00:26       6    0.99    0.00    0.00    0.00    0.00    0.00    0.00    0.00    0.00   99.01
11:00:26       7    0.00    0.00    0.00    0.00    0.00    0.00    0.00    0.00    0.00  100.00
11:00:26       8    0.00    0.00    0.00    0.00    0.00    0.00    0.00    0.00    0.00  100.00
11:00:26       9    1.02    0.00    0.00    0.00    0.00    0.00    0.00    0.00    0.00   98.98
11:00:26      10    0.00    0.00    0.00    0.00    0.00    0.00    0.00    0.00    0.00  100.00
11:00:26      11    1.01    0.00    0.00    0.00    0.00    0.00    0.00    0.00    0.00   98.99
11:00:26      12    0.00    0.00    0.00    0.00    0.00    0.00    0.00    0.00    0.00  100.00
11:00:26      13    0.00    0.00    0.00    0.00    0.00    0.00    0.00    0.00    0.00  100.00
11:00:26      14    1.00    0.00    0.00    0.00    0.00    0.00    0.00    0.00    0.00   99.00
11:00:26      15    0.00    0.00    0.00    0.00    0.00    0.00    0.00    0.00    0.00  100.00

11:00:26     CPU    %usr   %nice    %sys %iowait    %irq   %soft  %steal  %guest  %gnice   %idle
11:00:27     all    1.31    0.00    0.38    0.13    0.00    0.06    0.00    0.00    0.00   98.12
11:00:27       0    0.00    0.00    0.00    1.01    0.00    0.00    0.00    0.00    0.00   98.99
11:00:27       1    0.00    0.00    0.00    0.00    0.00    0.99    0.00    0.00    0.00   99.01
11:00:27       2    0.00    0.00    0.00    0.00    0.00    0.00    0.00    0.00    0.00  100.00
11:00:27       3    0.99    0.00    0.99    0.00    0.00    0.00    0.00    0.00    0.00   98.02
11:00:27       4    0.00    0.00    0.00    0.00    0.00    0.00    0.00    0.00    0.00  100.00
11:00:27       5    0.00    0.00    0.00    0.00    0.00    0.00    0.00    0.00    0.00  100.00
11:00:27       6    0.00    0.00    0.00    0.00    0.00    0.00    0.00    0.00    0.00  100.00
11:00:27       7    0.00    0.00    0.00    0.00    0.00    0.00    0.00    0.00    0.00  100.00
11:00:27       8    0.00    0.00    0.00    0.00    0.00    0.00    0.00    0.00    0.00  100.00
11:00:27       9    2.00    0.00    1.00    0.00    0.00    0.00    0.00    0.00    0.00   97.00
11:00:27      10   18.18    0.00    3.03    0.00    0.00    0.00    0.00    0.00    0.00   78.79
11:00:27      11    0.00    0.00    0.00    0.00    0.00    0.00    0.00    0.00    0.00  100.00
11:00:27      12    0.00    0.00    0.00    0.00    0.00    0.00    0.00    0.00    0.00  100.00
11:00:27      13    0.00    0.00    0.00    0.00    0.00    0.00    0.00    0.00    0.00  100.00
11:00:27      14    0.00    0.00    1.00    1.00    0.00    0.00    0.00    0.00    0.00   98.00
11:00:27      15    0.00    0.00    0.00    0.00    0.00    0.00    0.00    0.00    0.00  100.00

11:00:27     CPU    %usr   %nice    %sys %iowait    %irq   %soft  %steal  %guest  %gnice   %idle
11:00:28     all    6.44    0.00    0.38    0.00    0.00    0.12    0.00    0.00    0.00   93.06
11:00:28       0    0.00    0.00    0.00    0.00    0.00    1.98    0.00    0.00    0.00   98.02
11:00:28       1    0.00    0.00    0.00    0.00    0.00    0.00    0.00    0.00    0.00  100.00
11:00:28       2    0.00    0.00    0.00    0.00    0.00    0.00    0.00    0.00    0.00  100.00
11:00:28       3    1.00    0.00    0.00    0.00    0.00    0.00    0.00    0.00    0.00   99.00
11:00:28       4    0.00    0.00    2.00    0.00    0.00    0.00    0.00    0.00    0.00   98.00
11:00:28       5    0.00    0.00    1.00    0.00    0.00    0.00    0.00    0.00    0.00   99.00
11:00:28       6    0.00    0.00    0.00    0.00    0.00    0.00    0.00    0.00    0.00  100.00
11:00:28       7    0.00    0.00    0.00    0.00    0.00    0.00    0.00    0.00    0.00  100.00
11:00:28       8    0.00    0.00    0.00    0.00    0.00    0.00    0.00    0.00    0.00  100.00
11:00:28       9    1.00    0.00    2.00    0.00    0.00    0.00    0.00    0.00    0.00   97.00
11:00:28      10  100.00    0.00    0.00    0.00    0.00    0.00    0.00    0.00    0.00    0.00
11:00:28      11    0.00    0.00    0.00    0.00    0.00    0.00    0.00    0.00    0.00  100.00
11:00:28      12    0.00    0.00    0.00    0.00    0.00    0.00    0.00    0.00    0.00  100.00
11:00:28      13    0.00    0.00    1.00    0.00    0.00    0.00    0.00    0.00    0.00   99.00
11:00:28      14    1.01    0.00    0.00    0.00    0.00    0.00    0.00    0.00    0.00   98.99
11:00:28      15    0.00    0.00    0.00    0.00    0.00    0.00    0.00    0.00    0.00  100.00

11:00:28     CPU    %usr   %nice    %sys %iowait    %irq   %soft  %steal  %guest  %gnice   %idle
11:00:29     all    6.45    0.00    0.13    0.00    0.00    0.00    0.00    0.00    0.00   93.43
11:00:29       0    0.00    0.00    0.00    0.00    0.00    0.00    0.00    0.00    0.00  100.00
11:00:29       1    0.00    0.00    0.00    0.00    0.00    0.00    0.00    0.00    0.00  100.00
11:00:29       2    0.00    0.00    0.00    0.00    0.00    0.00    0.00    0.00    0.00  100.00
11:00:29       3    0.00    0.00    1.00    0.00    0.00    0.00    0.00    0.00    0.00   99.00
11:00:29       4    0.00    0.00    0.00    0.00    0.00    0.00    0.00    0.00    0.00  100.00
11:00:29       5    0.00    0.00    0.00    0.00    0.00    0.00    0.00    0.00    0.00  100.00
11:00:29       6    0.00    0.00    0.00    0.00    0.00    0.00    0.00    0.00    0.00  100.00
11:00:29       7    0.00    0.00    0.00    0.00    0.00    0.00    0.00    0.00    0.00  100.00
11:00:29       8    0.00    0.00    0.00    0.00    0.00    0.00    0.00    0.00    0.00  100.00
11:00:29       9    1.01    0.00    0.00    0.00    0.00    0.00    0.00    0.00    0.00   98.99
11:00:29      10  100.00    0.00    0.00    0.00    0.00    0.00    0.00    0.00    0.00    0.00
11:00:29      11    0.00    0.00    0.00    0.00    0.00    0.00    0.00    0.00    0.00  100.00
11:00:29      12    0.99    0.00    0.00    0.00    0.00    0.00    0.00    0.00    0.00   99.01
11:00:29      13    0.00    0.00    0.99    0.00    0.00    0.00    0.00    0.00    0.00   99.01
11:00:29      14    1.00    0.00    0.00    0.00    0.00    0.00    0.00    0.00    0.00   99.00
11:00:29      15    0.00    0.00    0.00    0.00    0.00    0.00    0.00    0.00    0.00  100.00

11:00:29     CPU    %usr   %nice    %sys %iowait    %irq   %soft  %steal  %guest  %gnice   %idle
11:00:30     all    6.32    0.00    0.38    0.00    0.00    0.00    0.00    0.00    0.00   93.30
11:00:30       0    0.00    0.00    0.99    0.00    0.00    0.00    0.00    0.00    0.00   99.01
11:00:30       1    0.00    0.00    0.00    0.00    0.00    0.00    0.00    0.00    0.00  100.00
11:00:30       2    0.00    0.00    1.00    0.00    0.00    0.00    0.00    0.00    0.00   99.00
11:00:30       3    0.00    0.00    1.00    0.00    0.00    0.00    0.00    0.00    0.00   99.00
11:00:30       4    0.00    0.00    0.00    0.00    0.00    0.00    0.00    0.00    0.00  100.00
11:00:30       5    0.00    0.00    2.00    0.00    0.00    0.00    0.00    0.00    0.00   98.00
11:00:30       6    0.00    0.00    0.00    0.00    0.00    0.00    0.00    0.00    0.00  100.00
11:00:30       7    0.00    0.00    0.00    0.00    0.00    0.00    0.00    0.00    0.00  100.00
11:00:30       8    0.00    0.00    0.00    0.00    0.00    0.00    0.00    0.00    0.00  100.00
11:00:30       9    1.01    0.00    0.00    0.00    0.00    0.00    0.00    0.00    0.00   98.99
11:00:30      10  100.00    0.00    0.00    0.00    0.00    0.00    0.00    0.00    0.00    0.00
11:00:30      11    0.00    0.00    0.00    0.00    0.00    0.00    0.00    0.00    0.00  100.00
11:00:30      12    0.00    0.00    0.00    0.00    0.00    0.00    0.00    0.00    0.00  100.00
11:00:30      13    0.00    0.00    0.00    0.00    0.00    0.00    0.00    0.00    0.00  100.00
11:00:30      14    0.00    0.00    1.00    0.00    0.00    0.00    0.00    0.00    0.00   99.00
11:00:30      15    0.00    0.00    0.00    0.00    0.00    0.00    0.00    0.00    0.00  100.00

11:00:30     CPU    %usr   %nice    %sys %iowait    %irq   %soft  %steal  %guest  %gnice   %idle
11:00:31     all    6.38    0.00    0.31    0.00    0.00    0.31    0.00    0.00    0.00   93.00
11:00:31       0    0.00    0.00    0.97    0.00    0.00    4.85    0.00    0.00    0.00   94.17
11:00:31       1    0.00    0.00    0.00    0.00    0.00    0.00    0.00    0.00    0.00  100.00
11:00:31       2    0.00    0.00    0.00    0.00    0.00    0.00    0.00    0.00    0.00  100.00
11:00:31       3    1.00    0.00    0.00    0.00    0.00    0.00    0.00    0.00    0.00   99.00
11:00:31       4    0.00    0.00    0.00    0.00    0.00    0.00    0.00    0.00    0.00  100.00
11:00:31       5    0.00    0.00    1.01    0.00    0.00    0.00    0.00    0.00    0.00   98.99
11:00:31       6    0.00    0.00    0.00    0.00    0.00    0.00    0.00    0.00    0.00  100.00
11:00:31       7    0.00    0.00    0.00    0.00    0.00    0.00    0.00    0.00    0.00  100.00
11:00:31       8    0.00    0.00    0.00    0.00    0.00    0.00    0.00    0.00    0.00  100.00
11:00:31       9    1.00    0.00    1.00    0.00    0.00    0.00    0.00    0.00    0.00   98.00
11:00:31      10  100.00    0.00    0.00    0.00    0.00    0.00    0.00    0.00    0.00    0.00
11:00:31      11    0.00    0.00    0.00    0.00    0.00    0.00    0.00    0.00    0.00  100.00
11:00:31      12    0.00    0.00    1.00    0.00    0.00    0.00    0.00    0.00    0.00   99.00
11:00:31      13    0.00    0.00    1.00    0.00    0.00    0.00    0.00    0.00    0.00   99.00
11:00:31      14    0.00    0.00    0.00    0.00    0.00    0.00    0.00    0.00    0.00  100.00
11:00:31      15    0.00    0.00    0.00    0.00    0.00    0.00    0.00    0.00    0.00  100.00

11:00:31     CPU    %usr   %nice    %sys %iowait    %irq   %soft  %steal  %guest  %gnice   %idle
11:00:32     all    6.31    0.00    0.12    0.00    0.00    0.06    0.00    0.00    0.00   93.50
11:00:32       0    0.00    0.00    0.00    0.00    0.00    1.00    0.00    0.00    0.00   99.00
11:00:32       1    0.00    0.00    0.00    0.00    0.00    0.00    0.00    0.00    0.00  100.00
11:00:32       2    0.00    0.00    0.00    0.00    0.00    0.00    0.00    0.00    0.00  100.00
11:00:32       3    0.99    0.00    0.00    0.00    0.00    0.00    0.00    0.00    0.00   99.01
11:00:32       4    0.00    0.00    0.00    0.00    0.00    0.00    0.00    0.00    0.00  100.00
11:00:32       5    0.00    0.00    1.00    0.00    0.00    0.00    0.00    0.00    0.00   99.00
11:00:32       6    0.00    0.00    0.00    0.00    0.00    0.00    0.00    0.00    0.00  100.00
11:00:32       7    0.00    0.00    0.00    0.00    0.00    0.00    0.00    0.00    0.00  100.00
11:00:32       8    0.00    0.00    0.00    0.00    0.00    0.00    0.00    0.00    0.00  100.00
11:00:32       9    0.00    0.00    1.00    0.00    0.00    0.00    0.00    0.00    0.00   99.00
11:00:32      10  100.00    0.00    0.00    0.00    0.00    0.00    0.00    0.00    0.00    0.00
11:00:32      11    0.00    0.00    0.00    0.00    0.00    0.00    0.00    0.00    0.00  100.00
11:00:32      12    0.00    0.00    0.00    0.00    0.00    0.00    0.00    0.00    0.00  100.00
11:00:32      13    0.00    0.00    0.00    0.00    0.00    0.00    0.00    0.00    0.00  100.00
11:00:32      14    0.00    0.00    0.00    0.00    0.00    0.00    0.00    0.00    0.00  100.00
11:00:32      15    0.00    0.00    0.00    0.00    0.00    0.00    0.00    0.00    0.00  100.00

11:00:32     CPU    %usr   %nice    %sys %iowait    %irq   %soft  %steal  %guest  %gnice   %idle
11:00:33     all    6.32    0.00    0.13    0.00    0.00    0.00    0.00    0.00    0.00   93.55
11:00:33       0    0.00    0.00    0.00    0.00    0.00    0.00    0.00    0.00    0.00  100.00
11:00:33       1    0.00    0.00    0.00    0.00    0.00    0.00    0.00    0.00    0.00  100.00
11:00:33       2    0.00    0.00    0.00    0.00    0.00    0.00    0.00    0.00    0.00  100.00
11:00:33       3    0.00    0.00    0.00    0.00    0.00    0.00    0.00    0.00    0.00  100.00
11:00:33       4    0.00    0.00    0.00    0.00    0.00    0.00    0.00    0.00    0.00  100.00
11:00:33       5    0.00    0.00    0.00    0.00    0.00    0.00    0.00    0.00    0.00  100.00
11:00:33       6    0.00    0.00    0.00    0.00    0.00    0.00    0.00    0.00    0.00  100.00
11:00:33       7    0.00    0.00    0.00    0.00    0.00    0.00    0.00    0.00    0.00  100.00
11:00:33       8    0.00    0.00    0.00    0.00    0.00    0.00    0.00    0.00    0.00  100.00
11:00:33       9    1.00    0.00    1.00    0.00    0.00    0.00    0.00    0.00    0.00   98.00
11:00:33      10  100.00    0.00    0.00    0.00    0.00    0.00    0.00    0.00    0.00    0.00
11:00:33      11    0.00    0.00    0.00    0.00    0.00    0.00    0.00    0.00    0.00  100.00
11:00:33      12    0.00    0.00    0.00    0.00    0.00    0.00    0.00    0.00    0.00  100.00
11:00:33      13    0.00    0.00    0.00    0.00    0.00    0.00    0.00    0.00    0.00  100.00
11:00:33      14    0.00    0.00    1.00    0.00    0.00    0.00    0.00    0.00    0.00   99.00
11:00:33      15    0.00    0.00    0.00    0.00    0.00    0.00    0.00    0.00    0.00  100.00

11:00:33     CPU    %usr   %nice    %sys %iowait    %irq   %soft  %steal  %guest  %gnice   %idle
11:00:34     all    6.44    0.00    0.00    0.00    0.00    0.00    0.00    0.00    0.00   93.56
11:00:34       0    0.99    0.00    0.00    0.00    0.00    0.00    0.00    0.00    0.00   99.01
11:00:34       1    0.00    0.00    0.00    0.00    0.00    0.00    0.00    0.00    0.00  100.00
11:00:34       2    0.00    0.00    0.00    0.00    0.00    0.00    0.00    0.00    0.00  100.00
11:00:34       3    0.99    0.00    0.00    0.00    0.00    0.00    0.00    0.00    0.00   99.01
11:00:34       4    0.00    0.00    0.00    0.00    0.00    0.00    0.00    0.00    0.00  100.00
11:00:34       5    0.00    0.00    0.00    0.00    0.00    0.00    0.00    0.00    0.00  100.00
11:00:34       6    0.00    0.00    0.00    0.00    0.00    0.00    0.00    0.00    0.00  100.00
11:00:34       7    0.00    0.00    0.00    0.00    0.00    0.00    0.00    0.00    0.00  100.00
11:00:34       8    0.00    0.00    0.00    0.00    0.00    0.00    0.00    0.00    0.00  100.00
11:00:34       9    1.01    0.00    0.00    0.00    0.00    0.00    0.00    0.00    0.00   98.99
11:00:34      10  100.00    0.00    0.00    0.00    0.00    0.00    0.00    0.00    0.00    0.00
11:00:34      11    0.00    0.00    0.00    0.00    0.00    0.00    0.00    0.00    0.00  100.00
11:00:34      12    0.00    0.00    0.00    0.00    0.00    0.00    0.00    0.00    0.00  100.00
11:00:34      13    0.00    0.00    0.00    0.00    0.00    0.00    0.00    0.00    0.00  100.00
11:00:34      14    0.00    0.00    0.00    0.00    0.00    0.00    0.00    0.00    0.00  100.00
11:00:34      15    0.00    0.00    0.00    0.00    0.00    0.00    0.00    0.00    0.00  100.00

11:00:34     CPU    %usr   %nice    %sys %iowait    %irq   %soft  %steal  %guest  %gnice   %idle
11:00:35     all    6.33    0.00    0.31    0.00    0.00    0.00    0.00    0.00    0.00   93.36
11:00:35       0    0.00    0.00    0.00    0.00    0.00    0.00    0.00    0.00    0.00  100.00
11:00:35       1    0.00    0.00    1.00    0.00    0.00    0.00    0.00    0.00    0.00   99.00
11:00:35       2    1.00    0.00    0.00    0.00    0.00    0.00    0.00    0.00    0.00   99.00
11:00:35       3    0.00    0.00    1.02    0.00    0.00    0.00    0.00    0.00    0.00   98.98
11:00:35       4    0.00    0.00    0.00    0.00    0.00    0.00    0.00    0.00    0.00  100.00
11:00:35       5    0.00    0.00    1.98    0.00    0.00    0.00    0.00    0.00    0.00   98.02
11:00:35       6    0.00    0.00    0.00    0.00    0.00    0.00    0.00    0.00    0.00  100.00
11:00:35       7    0.00    0.00    0.00    0.00    0.00    0.00    0.00    0.00    0.00  100.00
11:00:35       8    0.00    0.00    0.00    0.00    0.00    0.00    0.00    0.00    0.00  100.00
11:00:35       9    0.00    0.00    1.00    0.00    0.00    0.00    0.00    0.00    0.00   99.00
11:00:35      10  100.00    0.00    0.00    0.00    0.00    0.00    0.00    0.00    0.00    0.00
11:00:35      11    0.00    0.00    0.00    0.00    0.00    0.00    0.00    0.00    0.00  100.00
11:00:35      12    0.00    0.00    0.00    0.00    0.00    0.00    0.00    0.00    0.00  100.00
11:00:35      13    0.00    0.00    0.00    0.00    0.00    0.00    0.00    0.00    0.00  100.00
11:00:35      14    0.00    0.00    0.00    0.00    0.00    0.00    0.00    0.00    0.00  100.00
11:00:35      15    0.00    0.00    0.00    0.00    0.00    0.00    0.00    0.00    0.00  100.00

11:00:35     CPU    %usr   %nice    %sys %iowait    %irq   %soft  %steal  %guest  %gnice   %idle
11:00:36     all    4.70    0.00    1.19    0.00    0.00    0.06    0.00    0.00    0.00   94.05
11:00:36       0    3.00    0.00    0.00    0.00    0.00    1.00    0.00    0.00    0.00   96.00
11:00:36       1    0.00    0.00    0.00    0.00    0.00    0.00    0.00    0.00    0.00  100.00
11:00:36       2    2.00    0.00    1.00    0.00    0.00    0.00    0.00    0.00    0.00   97.00
11:00:36       3    7.07    0.00    2.02    0.00    0.00    0.00    0.00    0.00    0.00   90.91
11:00:36       4    0.00    0.00    1.01    0.00    0.00    0.00    0.00    0.00    0.00   98.99
11:00:36       5    0.00    0.00    0.00    0.00    0.00    0.00    0.00    0.00    0.00  100.00
11:00:36       6    1.00    0.00    0.00    0.00    0.00    0.00    0.00    0.00    0.00   99.00
11:00:36       7    0.00    0.00    2.02    0.00    0.00    0.00    0.00    0.00    0.00   97.98
11:00:36       8    0.99    0.00    0.99    0.00    0.00    0.00    0.00    0.00    0.00   98.02
11:00:36       9    2.00    0.00    0.00    0.00    0.00    0.00    0.00    0.00    0.00   98.00
11:00:36      10   41.18    0.00    7.84    0.00    0.00    0.00    0.00    0.00    0.00   50.98
11:00:36      11    0.00    0.00    0.00    0.00    0.00    0.00    0.00    0.00    0.00  100.00
11:00:36      12    1.00    0.00    1.00    0.00    0.00    0.00    0.00    0.00    0.00   98.00
11:00:36      13    0.00    0.00    0.00    0.00    0.00    0.00    0.00    0.00    0.00  100.00
11:00:36      14   16.33    0.00    3.06    0.00    0.00    0.00    0.00    0.00    0.00   80.61
11:00:36      15    0.00    0.00    0.00    0.00    0.00    0.00    0.00    0.00    0.00  100.00

11:00:36     CPU    %usr   %nice    %sys %iowait    %irq   %soft  %steal  %guest  %gnice   %idle
11:00:37     all    4.27    0.00    2.33    0.19    0.00    0.38    0.00    0.00    0.00   92.83
11:00:37       0    0.99    0.00    2.97    0.99    0.00    2.97    0.00    0.00    0.00   92.08
11:00:37       1    2.02    0.00    1.01    1.01    0.00    0.00    0.00    0.00    0.00   95.96
11:00:37       2    3.88    0.00    3.88    0.97    0.00    1.94    0.00    0.00    0.00   89.32
11:00:37       3    6.06    0.00    2.02    0.00    0.00    1.01    0.00    0.00    0.00   90.91
11:00:37       4    1.00    0.00    2.00    0.00    0.00    0.00    0.00    0.00    0.00   97.00
11:00:37       5    0.00    0.00    1.00    0.00    0.00    0.00    0.00    0.00    0.00   99.00
11:00:37       6   10.20    0.00    5.10    0.00    0.00    0.00    0.00    0.00    0.00   84.69
11:00:37       7    0.00    0.00    3.03    0.00    0.00    0.00    0.00    0.00    0.00   96.97
11:00:37       8    3.03    0.00    0.00    0.00    0.00    0.00    0.00    0.00    0.00   96.97
11:00:37       9    6.06    0.00    2.02    0.00    0.00    0.00    0.00    0.00    0.00   91.92
11:00:37      10    7.00    0.00    3.00    0.00    0.00    0.00    0.00    0.00    0.00   90.00
11:00:37      11    0.00    0.00    0.00    0.00    0.00    0.00    0.00    0.00    0.00  100.00
11:00:37      12    0.00    0.00    1.01    0.00    0.00    0.00    0.00    0.00    0.00   98.99
11:00:37      13    0.00    0.00    1.00    0.00    0.00    0.00    0.00    0.00    0.00   99.00
11:00:37      14   29.17    0.00    9.38    0.00    0.00    0.00    0.00    0.00    0.00   61.46
11:00:37      15    0.00    0.00    0.00    0.00    0.00    0.00    0.00    0.00    0.00  100.00

11:00:37     CPU    %usr   %nice    %sys %iowait    %irq   %soft  %steal  %guest  %gnice   %idle
11:00:38     all    3.91    0.00    2.21    0.00    0.00    0.13    0.00    0.00    0.00   93.75
11:00:38       0    1.02    0.00    3.06    0.00    0.00    0.00    0.00    0.00    0.00   95.92
11:00:38       1    2.02    0.00    1.01    0.00    0.00    0.00    0.00    0.00    0.00   96.97
11:00:38       2    1.01    0.00    2.02    0.00    0.00    0.00    0.00    0.00    0.00   96.97
11:00:38       3    0.00    0.00    0.00    0.00    0.00    0.00    0.00    0.00    0.00  100.00
11:00:38       4    0.00    0.00    5.00    0.00    0.00    0.00    0.00    0.00    0.00   95.00
11:00:38       5    0.00    0.00    0.00    0.00    0.00    0.00    0.00    0.00    0.00  100.00
11:00:38       6    3.06    0.00    3.06    0.00    0.00    1.02    0.00    0.00    0.00   92.86
11:00:38       7    9.09    0.00   10.10    0.00    0.00    0.00    0.00    0.00    0.00   80.81
11:00:38       8    2.00    0.00    0.00    0.00    0.00    0.00    0.00    0.00    0.00   98.00
11:00:38       9   14.14    0.00    3.03    0.00    0.00    1.01    0.00    0.00    0.00   81.82
11:00:38      10    2.02    0.00    0.00    0.00    0.00    0.00    0.00    0.00    0.00   97.98
11:00:38      11    0.00    0.00    0.00    0.00    0.00    0.00    0.00    0.00    0.00  100.00
11:00:38      12    2.00    0.00    0.00    0.00    0.00    0.00    0.00    0.00    0.00   98.00
11:00:38      13    0.00    0.00    0.00    0.00    0.00    0.00    0.00    0.00    0.00  100.00
11:00:38      14   26.80    0.00    8.25    0.00    0.00    0.00    0.00    0.00    0.00   64.95
11:00:38      15    0.00    0.00    0.00    0.00    0.00    0.00    0.00    0.00    0.00  100.00

11:00:38     CPU    %usr   %nice    %sys %iowait    %irq   %soft  %steal  %guest  %gnice   %idle
11:00:39     all    3.65    0.00    2.39    0.00    0.00    0.06    0.00    0.00    0.00   93.90
11:00:39       0    2.00    0.00    2.00    0.00    0.00    0.00    0.00    0.00    0.00   96.00
11:00:39       1    3.00    0.00    0.00    0.00    0.00    0.00    0.00    0.00    0.00   97.00
11:00:39       2    1.01    0.00    1.01    0.00    0.00    0.00    0.00    0.00    0.00   97.98
11:00:39       3   10.20    0.00    5.10    0.00    0.00    1.02    0.00    0.00    0.00   83.67
11:00:39       4    1.01    0.00    4.04    0.00    0.00    0.00    0.00    0.00    0.00   94.95
11:00:39       5    0.00    0.00    0.99    0.00    0.00    0.00    0.00    0.00    0.00   99.01
11:00:39       6    2.04    0.00    1.02    0.00    0.00    0.00    0.00    0.00    0.00   96.94
11:00:39       7    8.16    0.00    9.18    0.00    0.00    0.00    0.00    0.00    0.00   82.65
11:00:39       8    0.00    0.00    1.01    0.00    0.00    0.00    0.00    0.00    0.00   98.99
11:00:39       9    2.00    0.00    0.00    0.00    0.00    0.00    0.00    0.00    0.00   98.00
11:00:39      10    2.00    0.00    1.00    0.00    0.00    0.00    0.00    0.00    0.00   97.00
11:00:39      11    0.00    0.00    0.00    0.00    0.00    0.00    0.00    0.00    0.00  100.00
11:00:39      12    0.99    0.00    3.96    0.00    0.00    0.00    0.00    0.00    0.00   95.05
11:00:39      13    0.00    0.00    0.00    0.00    0.00    0.00    0.00    0.00    0.00  100.00
11:00:39      14   26.53    0.00    9.18    0.00    0.00    0.00    0.00    0.00    0.00   64.29
11:00:39      15    0.00    0.00    0.00    0.00    0.00    0.00    0.00    0.00    0.00  100.00

11:00:39     CPU    %usr   %nice    %sys %iowait    %irq   %soft  %steal  %guest  %gnice   %idle
11:00:40     all    7.90    0.00    2.91    0.00    0.00    0.25    0.00    0.00    0.00   88.94
11:00:40       0    1.03    0.00    5.15    0.00    0.00    1.03    0.00    0.00    0.00   92.78
11:00:40       1   16.16    0.00    1.01    0.00    0.00    0.00    0.00    0.00    0.00   82.83
11:00:40       2    0.00    0.00    1.02    0.00    0.00    0.00    0.00    0.00    0.00   98.98
11:00:40       3    6.06    0.00    3.03    0.00    0.00    1.01    0.00    0.00    0.00   89.90
11:00:40       4    1.00    0.00    1.00    0.00    0.00    0.00    0.00    0.00    0.00   98.00
11:00:40       5    0.00    0.00    1.01    0.00    0.00    0.00    0.00    0.00    0.00   98.99
11:00:40       6   20.20    0.00    5.05    0.00    0.00    0.00    0.00    0.00    0.00   74.75
11:00:40       7    3.03    0.00    7.07    0.00    0.00    0.00    0.00    0.00    0.00   89.90
11:00:40       8    0.00    0.00    0.00    0.00    0.00    0.00    0.00    0.00    0.00  100.00
11:00:40       9   26.53    0.00   12.24    0.00    0.00    1.02    0.00    0.00    0.00   60.20
11:00:40      10    1.00    0.00    2.00    0.00    0.00    1.00    0.00    0.00    0.00   96.00
11:00:40      11   16.83    0.00    1.98    0.00    0.00    0.00    0.00    0.00    0.00   81.19
11:00:40      12    0.00    0.00    2.02    0.00    0.00    0.00    0.00    0.00    0.00   97.98
11:00:40      13   16.33    0.00    1.02    0.00    0.00    0.00    0.00    0.00    0.00   82.65
11:00:40      14   18.37    0.00    3.06    0.00    0.00    0.00    0.00    0.00    0.00   78.57
11:00:40      15    0.00    0.00    0.00    0.00    0.00    0.00    0.00    0.00    0.00  100.00

11:00:40     CPU    %usr   %nice    %sys %iowait    %irq   %soft  %steal  %guest  %gnice   %idle
11:00:41     all    6.07    0.00    1.19    0.00    0.00    0.44    0.00    0.00    0.00   92.31
11:00:41       0    1.87    0.00    0.93    0.00    0.00    6.54    0.00    0.00    0.00   90.65
11:00:41       1    0.99    0.00    0.99    0.00    0.00    0.00    0.00    0.00    0.00   98.02
11:00:41       2    0.99    0.00    1.98    0.00    0.00    0.00    0.00    0.00    0.00   97.03
11:00:41       3    2.06    0.00    0.00    0.00    0.00    0.00    0.00    0.00    0.00   97.94
11:00:41       4   15.15    0.00    0.00    0.00    0.00    0.00    0.00    0.00    0.00   84.85
11:00:41       5    1.00    0.00    1.00    0.00    0.00    0.00    0.00    0.00    0.00   98.00
11:00:41       6   16.00    0.00    1.00    0.00    0.00    0.00    0.00    0.00    0.00   83.00
11:00:41       7    2.00    0.00    4.00    0.00    0.00    0.00    0.00    0.00    0.00   94.00
11:00:41       8    0.00    0.00    0.00    0.00    0.00    0.00    0.00    0.00    0.00  100.00
11:00:41       9   17.17    0.00    3.03    0.00    0.00    0.00    0.00    0.00    0.00   79.80
11:00:41      10    0.00    0.00    1.01    0.00    0.00    0.00    0.00    0.00    0.00   98.99
11:00:41      11   16.16    0.00    0.00    0.00    0.00    0.00    0.00    0.00    0.00   83.84
11:00:41      12    0.00    0.00    0.00    0.00    0.00    0.00    0.00    0.00    0.00  100.00
11:00:41      13   16.00    0.00    1.00    0.00    0.00    0.00    0.00    0.00    0.00   83.00
11:00:41      14    8.16    0.00    3.06    0.00    0.00    0.00    0.00    0.00    0.00   88.78
11:00:41      15    0.00    0.00    1.00    0.00    0.00    0.00    0.00    0.00    0.00   99.00

11:00:41     CPU    %usr   %nice    %sys %iowait    %irq   %soft  %steal  %guest  %gnice   %idle
11:00:42     all    0.25    0.00    0.56    0.13    0.00    0.06    0.00    0.00    0.00   99.00
11:00:42       0    0.00    0.00    2.00    0.00    0.00    1.00    0.00    0.00    0.00   97.00
11:00:42       1    0.00    0.00    0.00    0.00    0.00    0.00    0.00    0.00    0.00  100.00
11:00:42       2    0.99    0.00    0.00    0.00    0.00    0.00    0.00    0.00    0.00   99.01
11:00:42       3    0.00    0.00    0.00    0.00    0.00    0.00    0.00    0.00    0.00  100.00
11:00:42       4    0.00    0.00    1.00    0.00    0.00    0.00    0.00    0.00    0.00   99.00
11:00:42       5    0.00    0.00    0.00    0.00    0.00    0.00    0.00    0.00    0.00  100.00
11:00:42       6    0.00    0.00    0.00    0.00    0.00    0.00    0.00    0.00    0.00  100.00
11:00:42       7    0.00    0.00    0.00    0.00    0.00    0.00    0.00    0.00    0.00  100.00
11:00:42       8    0.00    0.00    0.00    0.00    0.00    0.00    0.00    0.00    0.00  100.00
11:00:42       9    1.00    0.00    2.00    0.00    0.00    0.00    0.00    0.00    0.00   97.00
11:00:42      10    0.00    0.00    0.00    0.00    0.00    0.00    0.00    0.00    0.00  100.00
11:00:42      11    0.00    0.00    0.00    0.00    0.00    0.00    0.00    0.00    0.00  100.00
11:00:42      12    0.00    0.00    2.97    1.98    0.00    0.00    0.00    0.00    0.00   95.05
11:00:42      13    0.00    0.00    1.00    0.00    0.00    0.00    0.00    0.00    0.00   99.00
11:00:42      14    1.98    0.00    0.00    0.00    0.00    0.00    0.00    0.00    0.00   98.02
11:00:42      15    0.00    0.00    0.00    0.00    0.00    0.00    0.00    0.00    0.00  100.00

11:00:42     CPU    %usr   %nice    %sys %iowait    %irq   %soft  %steal  %guest  %gnice   %idle
11:00:43     all    0.69    0.00    0.63    0.00    0.00    0.06    0.00    0.00    0.00   98.62
11:00:43       0    0.00    0.00    1.01    0.00    0.00    0.00    0.00    0.00    0.00   98.99
11:00:43       1    0.00    0.00    0.00    0.00    0.00    0.00    0.00    0.00    0.00  100.00
11:00:43       2    0.00    0.00    1.00    0.00    0.00    0.00    0.00    0.00    0.00   99.00
11:00:43       3    6.06    0.00    1.01    0.00    0.00    0.00    0.00    0.00    0.00   92.93
11:00:43       4    1.00    0.00    0.00    0.00    0.00    0.00    0.00    0.00    0.00   99.00
11:00:43       5    0.00    0.00    1.00    0.00    0.00    1.00    0.00    0.00    0.00   98.00
11:00:43       6    2.00    0.00    1.00    0.00    0.00    0.00    0.00    0.00    0.00   97.00
11:00:43       7    0.00    0.00    0.00    0.00    0.00    0.00    0.00    0.00    0.00  100.00
11:00:43       8    0.00    0.00    1.98    0.00    0.00    0.00    0.00    0.00    0.00   98.02
11:00:43       9    2.00    0.00    0.00    0.00    0.00    0.00    0.00    0.00    0.00   98.00
11:00:43      10    0.00    0.00    1.01    0.00    0.00    0.00    0.00    0.00    0.00   98.99
11:00:43      11    0.00    0.00    0.00    0.00    0.00    0.00    0.00    0.00    0.00  100.00
11:00:43      12    0.00    0.00    1.01    0.00    0.00    0.00    0.00    0.00    0.00   98.99
11:00:43      13    0.00    0.00    0.00    0.00    0.00    0.00    0.00    0.00    0.00  100.00
11:00:43      14    0.00    0.00    1.01    0.00    0.00    0.00    0.00    0.00    0.00   98.99
11:00:43      15    0.00    0.00    0.00    0.00    0.00    0.00    0.00    0.00    0.00  100.00

11:00:43     CPU    %usr   %nice    %sys %iowait    %irq   %soft  %steal  %guest  %gnice   %idle
11:00:44     all    0.13    0.00    0.31    0.00    0.00    0.00    0.00    0.00    0.00   99.56
11:00:44       0    0.99    0.00    0.99    0.00    0.00    0.00    0.00    0.00    0.00   98.02
11:00:44       1    0.00    0.00    0.00    0.00    0.00    0.00    0.00    0.00    0.00  100.00
11:00:44       2    0.00    0.00    1.00    0.00    0.00    0.00    0.00    0.00    0.00   99.00
11:00:44       3    0.00    0.00    0.00    0.00    0.00    0.00    0.00    0.00    0.00  100.00
11:00:44       4    0.00    0.00    0.00    0.00    0.00    0.00    0.00    0.00    0.00  100.00
11:00:44       5    0.00    0.00    1.00    0.00    0.00    0.00    0.00    0.00    0.00   99.00
11:00:44       6    0.00    0.00    0.00    0.00    0.00    0.00    0.00    0.00    0.00  100.00
11:00:44       7    0.00    0.00    0.00    0.00    0.00    0.00    0.00    0.00    0.00  100.00
11:00:44       8    0.00    0.00    1.00    0.00    0.00    0.00    0.00    0.00    0.00   99.00
11:00:44       9    1.00    0.00    1.00    0.00    0.00    0.00    0.00    0.00    0.00   98.00
11:00:44      10    0.00    0.00    0.00    0.00    0.00    0.00    0.00    0.00    0.00  100.00
11:00:44      11    0.00    0.00    0.00    0.00    0.00    0.00    0.00    0.00    0.00  100.00
11:00:44      12    0.00    0.00    0.00    0.00    0.00    0.00    0.00    0.00    0.00  100.00
11:00:44      13    0.00    0.00    0.00    0.00    0.00    0.00    0.00    0.00    0.00  100.00
11:00:44      14    0.00    0.00    0.00    0.00    0.00    0.00    0.00    0.00    0.00  100.00
11:00:44      15    0.00    0.00    0.00    0.00    0.00    0.00    0.00    0.00    0.00  100.00

11:00:44     CPU    %usr   %nice    %sys %iowait    %irq   %soft  %steal  %guest  %gnice   %idle
11:00:45     all    0.25    0.00    0.19    0.00    0.00    0.06    0.00    0.00    0.00   99.50
11:00:45       0    0.00    0.00    0.99    0.00    0.00    0.99    0.00    0.00    0.00   98.02
11:00:45       1    0.00    0.00    0.00    0.00    0.00    0.00    0.00    0.00    0.00  100.00
11:00:45       2    0.00    0.00    0.00    0.00    0.00    0.00    0.00    0.00    0.00  100.00
11:00:45       3    0.99    0.00    0.99    0.00    0.00    0.00    0.00    0.00    0.00   98.02
11:00:45       4    0.00    0.00    0.99    0.00    0.00    0.00    0.00    0.00    0.00   99.01
11:00:45       5    0.00    0.00    0.00    0.00    0.00    0.00    0.00    0.00    0.00  100.00
11:00:45       6    0.00    0.00    0.00    0.00    0.00    0.00    0.00    0.00    0.00  100.00
11:00:45       7    0.00    0.00    0.00    0.00    0.00    0.00    0.00    0.00    0.00  100.00
11:00:45       8    0.00    0.00    0.00    0.00    0.00    0.00    0.00    0.00    0.00  100.00
11:00:45       9    1.02    0.00    0.00    0.00    0.00    0.00    0.00    0.00    0.00   98.98
11:00:45      10    1.00    0.00    0.00    0.00    0.00    0.00    0.00    0.00    0.00   99.00
11:00:45      11    0.00    0.00    0.00    0.00    0.00    0.00    0.00    0.00    0.00  100.00
11:00:45      12    1.00    0.00    0.00    0.00    0.00    0.00    0.00    0.00    0.00   99.00
11:00:45      13    0.00    0.00    0.00    0.00    0.00    0.00    0.00    0.00    0.00  100.00
11:00:45      14    0.00    0.00    0.00    0.00    0.00    0.00    0.00    0.00    0.00  100.00
11:00:45      15    0.00    0.00    0.00    0.00    0.00    0.00    0.00    0.00    0.00  100.00

11:00:45     CPU    %usr   %nice    %sys %iowait    %irq   %soft  %steal  %guest  %gnice   %idle
11:00:46     all    0.12    0.00    0.19    0.00    0.00    0.00    0.00    0.00    0.00   99.69
11:00:46       0    0.00    0.00    0.00    0.00    0.00    0.00    0.00    0.00    0.00  100.00
11:00:46       1    0.00    0.00    0.00    0.00    0.00    0.00    0.00    0.00    0.00  100.00
11:00:46       2    0.00    0.00    0.00    0.00    0.00    0.00    0.00    0.00    0.00  100.00
11:00:46       3    0.99    0.00    0.00    0.00    0.00    0.00    0.00    0.00    0.00   99.01
11:00:46       4    0.00    0.00    0.99    0.00    0.00    0.00    0.00    0.00    0.00   99.01
11:00:46       5    0.00    0.00    0.00    0.00    0.00    0.00    0.00    0.00    0.00  100.00
11:00:46       6    0.00    0.00    0.00    0.00    0.00    0.00    0.00    0.00    0.00  100.00
11:00:46       7    0.00    0.00    0.00    0.00    0.00    0.00    0.00    0.00    0.00  100.00
11:00:46       8    0.00    0.00    0.00    0.00    0.00    0.00    0.00    0.00    0.00  100.00
11:00:46       9    0.99    0.00    0.99    0.00    0.00    0.00    0.00    0.00    0.00   98.02
11:00:46      10    0.00    0.00    0.00    0.00    0.00    0.00    0.00    0.00    0.00  100.00
11:00:46      11    0.00    0.00    0.00    0.00    0.00    0.00    0.00    0.00    0.00  100.00
11:00:46      12    0.00    0.00    0.00    0.00    0.00    0.00    0.00    0.00    0.00  100.00
11:00:46      13    0.00    0.00    0.00    0.00    0.00    0.00    0.00    0.00    0.00  100.00
11:00:46      14    0.00    0.00    1.00    0.00    0.00    0.00    0.00    0.00    0.00   99.00
11:00:46      15    0.00    0.00    0.00    0.00    0.00    0.00    0.00    0.00    0.00  100.00

11:00:46     CPU    %usr   %nice    %sys %iowait    %irq   %soft  %steal  %guest  %gnice   %idle
11:00:47     all    0.06    0.00    0.50    0.12    0.00    0.19    0.00    0.00    0.00   99.13
11:00:47       0    0.00    0.00    0.00    0.00    0.00    2.94    0.00    0.00    0.00   97.06
11:00:47       1    0.00    0.00    0.00    0.00    0.00    0.00    0.00    0.00    0.00  100.00
11:00:47       2    0.00    0.00    0.00    1.00    0.00    0.00    0.00    0.00    0.00   99.00
11:00:47       3    0.00    0.00    1.00    0.00    0.00    0.00    0.00    0.00    0.00   99.00
11:00:47       4    0.00    0.00    0.00    0.00    0.00    0.00    0.00    0.00    0.00  100.00
11:00:47       5    0.00    0.00    1.00    0.00    0.00    0.00    0.00    0.00    0.00   99.00
11:00:47       6    0.00    0.00    0.00    0.00    0.00    0.00    0.00    0.00    0.00  100.00
11:00:47       7    0.00    0.00    1.00    0.00    0.00    0.00    0.00    0.00    0.00   99.00
11:00:47       8    0.00    0.00    0.00    0.00    0.00    0.00    0.00    0.00    0.00  100.00
11:00:47       9    0.00    0.00    1.01    0.00    0.00    0.00    0.00    0.00    0.00   98.99
11:00:47      10    0.99    0.00    0.99    0.00    0.00    0.00    0.00    0.00    0.00   98.02
11:00:47      11    0.00    0.00    0.00    0.00    0.00    0.00    0.00    0.00    0.00  100.00
11:00:47      12    0.00    0.00    1.98    0.00    0.00    0.00    0.00    0.00    0.00   98.02
11:00:47      13    0.00    0.00    0.00    0.00    0.00    0.00    0.00    0.00    0.00  100.00
11:00:47      14    0.00    0.00    1.01    0.00    0.00    0.00    0.00    0.00    0.00   98.99
11:00:47      15    0.00    0.00    0.00    0.99    0.00    0.00    0.00    0.00    0.00   99.01

11:00:47     CPU    %usr   %nice    %sys %iowait    %irq   %soft  %steal  %guest  %gnice   %idle
11:00:48     all    0.25    0.00    0.19    0.00    0.00    0.06    0.00    0.00    0.00   99.50
11:00:48       0    0.00    0.00    0.00    0.00    0.00    0.00    0.00    0.00    0.00  100.00
11:00:48       1    0.00    0.00    0.00    0.00    0.00    0.00    0.00    0.00    0.00  100.00
11:00:48       2    0.00    0.00    0.00    0.00    0.00    0.00    0.00    0.00    0.00  100.00
11:00:48       3    0.00    0.00    0.00    0.00    0.00    1.00    0.00    0.00    0.00   99.00
11:00:48       4    0.00    0.00    0.00    0.00    0.00    0.00    0.00    0.00    0.00  100.00
11:00:48       5    0.00    0.00    1.98    0.00    0.00    0.00    0.00    0.00    0.00   98.02
11:00:48       6    1.00    0.00    0.00    0.00    0.00    0.00    0.00    0.00    0.00   99.00
11:00:48       7    0.99    0.00    0.00    0.00    0.00    0.00    0.00    0.00    0.00   99.01
11:00:48       8    0.00    0.00    0.00    0.00    0.00    0.00    0.00    0.00    0.00  100.00
11:00:48       9    1.00    0.00    0.00    0.00    0.00    0.00    0.00    0.00    0.00   99.00
11:00:48      10    0.00    0.00    0.00    0.00    0.00    0.00    0.00    0.00    0.00  100.00
11:00:48      11    0.00    0.00    0.00    0.00    0.00    0.00    0.00    0.00    0.00  100.00
11:00:48      12    0.00    0.00    0.00    0.00    0.00    0.00    0.00    0.00    0.00  100.00
11:00:48      13    0.00    0.00    0.00    0.00    0.00    0.00    0.00    0.00    0.00  100.00
11:00:48      14    0.99    0.00    0.99    0.00    0.00    0.00    0.00    0.00    0.00   98.02
11:00:48      15    0.00    0.00    0.00    0.00    0.00    0.00    0.00    0.00    0.00  100.00

11:00:48     CPU    %usr   %nice    %sys %iowait    %irq   %soft  %steal  %guest  %gnice   %idle
11:00:49     all    0.19    0.00    0.13    0.00    0.00    0.00    0.00    0.00    0.00   99.69
11:00:49       0    0.00    0.00    0.00    0.00    0.00    0.00    0.00    0.00    0.00  100.00
11:00:49       1    0.00    0.00    0.00    0.00    0.00    0.00    0.00    0.00    0.00  100.00
11:00:49       2    0.00    0.00    0.00    0.00    0.00    0.00    0.00    0.00    0.00  100.00
11:00:49       3    0.00    0.00    0.00    0.00    0.00    0.00    0.00    0.00    0.00  100.00
11:00:49       4    0.00    0.00    0.00    0.00    0.00    0.00    0.00    0.00    0.00  100.00
11:00:49       5    0.99    0.00    0.99    0.00    0.00    0.00    0.00    0.00    0.00   98.02
11:00:49       6    0.00    0.00    0.00    0.00    0.00    0.00    0.00    0.00    0.00  100.00
11:00:49       7    0.00    0.00    0.00    0.00    0.00    0.00    0.00    0.00    0.00  100.00
11:00:49       8    0.00    0.00    1.00    0.00    0.00    0.00    0.00    0.00    0.00   99.00
11:00:49       9    0.00    0.00    0.00    0.00    0.00    0.00    0.00    0.00    0.00  100.00
11:00:49      10    1.00    0.00    0.00    0.00    0.00    0.00    0.00    0.00    0.00   99.00
11:00:49      11    0.00    0.00    0.00    0.00    0.00    0.00    0.00    0.00    0.00  100.00
11:00:49      12    0.00    0.00    0.00    0.00    0.00    0.00    0.00    0.00    0.00  100.00
11:00:49      13    0.00    0.00    0.00    0.00    0.00    0.00    0.00    0.00    0.00  100.00
11:00:49      14    1.00    0.00    0.00    0.00    0.00    0.00    0.00    0.00    0.00   99.00
11:00:49      15    0.00    0.00    0.00    0.00    0.00    0.00    0.00    0.00    0.00  100.00

11:00:49     CPU    %usr   %nice    %sys %iowait    %irq   %soft  %steal  %guest  %gnice   %idle
11:00:50     all    0.19    0.00    0.25    0.00    0.00    0.00    0.00    0.00    0.00   99.56
11:00:50       0    0.00    0.00    0.00    0.00    0.00    0.00    0.00    0.00    0.00  100.00
11:00:50       1    0.00    0.00    1.00    0.00    0.00    0.00    0.00    0.00    0.00   99.00
11:00:50       2    0.00    0.00    0.00    0.00    0.00    0.00    0.00    0.00    0.00  100.00
11:00:50       3    1.00    0.00    0.00    0.00    0.00    0.00    0.00    0.00    0.00   99.00
11:00:50       4    0.00    0.00    0.00    0.00    0.00    0.00    0.00    0.00    0.00  100.00
11:00:50       5    0.00    0.00    0.00    0.00    0.00    0.00    0.00    0.00    0.00  100.00
11:00:50       6    0.00    0.00    0.00    0.00    0.00    0.00    0.00    0.00    0.00  100.00
11:00:50       7    0.00    0.00    0.00    0.00    0.00    0.00    0.00    0.00    0.00  100.00
11:00:50       8    0.00    0.00    0.00    0.00    0.00    0.00    0.00    0.00    0.00  100.00
11:00:50       9    1.00    0.00    1.00    0.00    0.00    0.00    0.00    0.00    0.00   98.00
11:00:50      10    0.99    0.00    0.00    0.00    0.00    0.00    0.00    0.00    0.00   99.01
11:00:50      11    0.00    0.00    0.00    0.00    0.00    0.00    0.00    0.00    0.00  100.00
11:00:50      12    0.00    0.00    0.00    0.00    0.00    0.00    0.00    0.00    0.00  100.00
11:00:50      13    0.00    0.00    0.00    0.00    0.00    0.00    0.00    0.00    0.00  100.00
11:00:50      14    0.00    0.00    1.00    0.00    0.00    0.00    0.00    0.00    0.00   99.00
11:00:50      15    0.00    0.00    0.99    0.00    0.00    0.00    0.00    0.00    0.00   99.01

11:00:50     CPU    %usr   %nice    %sys %iowait    %irq   %soft  %steal  %guest  %gnice   %idle
11:00:51     all    0.38    0.00    0.31    0.00    0.00    0.06    0.00    0.00    0.00   99.25
11:00:51       0    0.00    0.00    0.00    0.00    0.00    1.00    0.00    0.00    0.00   99.00
11:00:51       1    0.00    0.00    0.00    0.00    0.00    0.00    0.00    0.00    0.00  100.00
11:00:51       2    0.00    0.00    0.00    0.00    0.00    0.00    0.00    0.00    0.00  100.00
11:00:51       3    1.00    0.00    0.00    0.00    0.00    0.00    0.00    0.00    0.00   99.00
11:00:51       4    1.00    0.00    0.00    0.00    0.00    0.00    0.00    0.00    0.00   99.00
11:00:51       5    0.00    0.00    1.00    0.00    0.00    0.00    0.00    0.00    0.00   99.00
11:00:51       6    0.99    0.00    0.99    0.00    0.00    0.00    0.00    0.00    0.00   98.02
11:00:51       7    0.00    0.00    0.00    0.00    0.00    0.00    0.00    0.00    0.00  100.00
11:00:51       8    0.00    0.00    0.00    0.00    0.00    0.00    0.00    0.00    0.00  100.00
11:00:51       9    1.98    0.00    0.99    0.00    0.00    0.00    0.00    0.00    0.00   97.03
11:00:51      10    0.00    0.00    1.00    0.00    0.00    0.00    0.00    0.00    0.00   99.00
11:00:51      11    0.00    0.00    0.00    0.00    0.00    0.00    0.00    0.00    0.00  100.00
11:00:51      12    0.00    0.00    0.99    0.00    0.00    0.00    0.00    0.00    0.00   99.01
11:00:51      13    0.00    0.00    0.00    0.00    0.00    0.00    0.00    0.00    0.00  100.00
11:00:51      14    1.02    0.00    0.00    0.00    0.00    0.00    0.00    0.00    0.00   98.98
11:00:51      15    0.00    0.00    0.00    0.00    0.00    0.00    0.00    0.00    0.00  100.00

11:00:51     CPU    %usr   %nice    %sys %iowait    %irq   %soft  %steal  %guest  %gnice   %idle
11:00:52     all    0.25    0.00    0.06    0.19    0.00    0.00    0.00    0.00    0.00   99.50
11:00:52       0    0.00    0.00    0.00    0.00    0.00    0.00    0.00    0.00    0.00  100.00
11:00:52       1    0.00    0.00    0.00    0.00    0.00    0.00    0.00    0.00    0.00  100.00
11:00:52       2    0.99    0.00    0.00    1.98    0.00    0.00    0.00    0.00    0.00   97.03
11:00:52       3    0.00    0.00    0.00    0.00    0.00    0.00    0.00    0.00    0.00  100.00
11:00:52       4    0.00    0.00    0.00    0.00    0.00    0.00    0.00    0.00    0.00  100.00
11:00:52       5    0.00    0.00    1.00    1.00    0.00    0.00    0.00    0.00    0.00   98.00
11:00:52       6    0.00    0.00    0.00    0.00    0.00    0.00    0.00    0.00    0.00  100.00
11:00:52       7    0.00    0.00    0.00    0.00    0.00    0.00    0.00    0.00    0.00  100.00
11:00:52       8    0.00    0.00    0.00    0.00    0.00    0.00    0.00    0.00    0.00  100.00
11:00:52       9    1.01    0.00    0.00    0.00    0.00    0.00    0.00    0.00    0.00   98.99
11:00:52      10    1.00    0.00    0.00    0.00    0.00    0.00    0.00    0.00    0.00   99.00
11:00:52      11    0.00    0.00    0.00    0.00    0.00    0.00    0.00    0.00    0.00  100.00
11:00:52      12    0.00    0.00    0.00    0.00    0.00    0.00    0.00    0.00    0.00  100.00
11:00:52      13    0.00    0.00    0.00    0.00    0.00    0.00    0.00    0.00    0.00  100.00
11:00:52      14    1.00    0.00    0.00    0.00    0.00    0.00    0.00    0.00    0.00   99.00
11:00:52      15    0.00    0.00    0.00    0.00    0.00    0.00    0.00    0.00    0.00  100.00

11:00:52     CPU    %usr   %nice    %sys %iowait    %irq   %soft  %steal  %guest  %gnice   %idle
11:00:53     all    0.06    0.00    0.13    0.00    0.00    0.00    0.00    0.00    0.00   99.81
11:00:53       0    0.00    0.00    0.00    0.00    0.00    0.00    0.00    0.00    0.00  100.00
11:00:53       1    0.00    0.00    0.00    0.00    0.00    0.00    0.00    0.00    0.00  100.00
11:00:53       2    0.00    0.00    0.00    0.00    0.00    0.00    0.00    0.00    0.00  100.00
11:00:53       3    0.00    0.00    0.00    0.00    0.00    0.00    0.00    0.00    0.00  100.00
11:00:53       4    0.00    0.00    1.00    0.00    0.00    0.00    0.00    0.00    0.00   99.00
11:00:53       5    0.00    0.00    0.00    0.00    0.00    0.00    0.00    0.00    0.00  100.00
11:00:53       6    0.00    0.00    0.00    0.00    0.00    0.00    0.00    0.00    0.00  100.00
11:00:53       7    0.00    0.00    0.00    0.00    0.00    0.00    0.00    0.00    0.00  100.00
11:00:53       8    0.00    0.00    0.00    0.00    0.00    0.00    0.00    0.00    0.00  100.00
11:00:53       9    0.00    0.00    0.00    0.00    0.00    0.00    0.00    0.00    0.00  100.00
11:00:53      10    0.00    0.00    0.00    0.00    0.00    0.00    0.00    0.00    0.00  100.00
11:00:53      11    0.00    0.00    0.00    0.00    0.00    0.00    0.00    0.00    0.00  100.00
11:00:53      12    0.00    0.00    0.00    0.00    0.00    0.00    0.00    0.00    0.00  100.00
11:00:53      13    0.00    0.00    0.00    0.00    0.00    0.00    0.00    0.00    0.00  100.00
11:00:53      14    0.99    0.00    0.99    0.00    0.00    0.00    0.00    0.00    0.00   98.02
11:00:53      15    0.00    0.00    0.00    0.00    0.00    0.00    0.00    0.00    0.00  100.00

11:00:53     CPU    %usr   %nice    %sys %iowait    %irq   %soft  %steal  %guest  %gnice   %idle
11:00:54     all    0.12    0.00    0.31    0.00    0.00    0.00    0.00    0.00    0.00   99.56
11:00:54       0    0.00    0.00    0.00    0.00    0.00    0.00    0.00    0.00    0.00  100.00
11:00:54       1    0.00    0.00    0.99    0.00    0.00    0.00    0.00    0.00    0.00   99.01
11:00:54       2    0.00    0.00    0.00    0.00    0.00    0.00    0.00    0.00    0.00  100.00
11:00:54       3    0.99    0.00    0.00    0.00    0.00    0.00    0.00    0.00    0.00   99.01
11:00:54       4    0.00    0.00    0.00    0.00    0.00    0.00    0.00    0.00    0.00  100.00
11:00:54       5    0.00    0.00    1.00    0.00    0.00    0.00    0.00    0.00    0.00   99.00
11:00:54       6    0.00    0.00    0.00    0.00    0.00    0.00    0.00    0.00    0.00  100.00
11:00:54       7    0.00    0.00    0.00    0.00    0.00    0.00    0.00    0.00    0.00  100.00
11:00:54       8    0.00    0.00    0.00    0.00    0.00    0.00    0.00    0.00    0.00  100.00
11:00:54       9    1.00    0.00    1.00    0.00    0.00    0.00    0.00    0.00    0.00   98.00
11:00:54      10    0.00    0.00    1.00    0.00    0.00    0.00    0.00    0.00    0.00   99.00
11:00:54      11    0.00    0.00    0.00    0.00    0.00    0.00    0.00    0.00    0.00  100.00
11:00:54      12    0.00    0.00    0.00    0.00    0.00    0.00    0.00    0.00    0.00  100.00
11:00:54      13    0.00    0.00    0.00    0.00    0.00    0.00    0.00    0.00    0.00  100.00
11:00:54      14    0.00    0.00    1.00    0.00    0.00    0.00    0.00    0.00    0.00   99.00
11:00:54      15    0.00    0.00    0.00    0.00    0.00    0.00    0.00    0.00    0.00  100.00

11:00:54     CPU    %usr   %nice    %sys %iowait    %irq   %soft  %steal  %guest  %gnice   %idle
11:00:55     all    0.13    0.00    0.13    0.00    0.00    0.00    0.00    0.00    0.00   99.75
11:00:55       0    0.00    0.00    0.00    0.00    0.00    0.00    0.00    0.00    0.00  100.00
11:00:55       1    0.00    0.00    0.00    0.00    0.00    0.00    0.00    0.00    0.00  100.00
11:00:55       2    0.00    0.00    1.00    0.00    0.00    0.00    0.00    0.00    0.00   99.00
11:00:55       3    0.00    0.00    0.00    0.00    0.00    0.00    0.00    0.00    0.00  100.00
11:00:55       4    0.00    0.00    0.00    0.00    0.00    0.00    0.00    0.00    0.00  100.00
11:00:55       5    0.00    0.00    0.00    0.00    0.00    0.00    0.00    0.00    0.00  100.00
11:00:55       6    0.00    0.00    0.00    0.00    0.00    0.00    0.00    0.00    0.00  100.00
11:00:55       7    0.00    0.00    0.00    0.00    0.00    0.00    0.00    0.00    0.00  100.00
11:00:55       8    0.00    0.00    0.00    0.00    0.00    0.00    0.00    0.00    0.00  100.00
11:00:55       9    1.00    0.00    1.00    0.00    0.00    0.00    0.00    0.00    0.00   98.00
11:00:55      10    0.00    0.00    0.00    0.00    0.00    0.00    0.00    0.00    0.00  100.00
11:00:55      11    0.00    0.00    0.00    0.00    0.00    0.00    0.00    0.00    0.00  100.00
11:00:55      12    0.00    0.00    0.00    0.00    0.00    0.00    0.00    0.00    0.00  100.00
11:00:55      13    0.00    0.00    0.00    0.00    0.00    0.00    0.00    0.00    0.00  100.00
11:00:55      14    1.00    0.00    0.00    0.00    0.00    0.00    0.00    0.00    0.00   99.00
11:00:55      15    0.00    0.00    0.00    0.00    0.00    0.00    0.00    0.00    0.00  100.00

11:00:55     CPU    %usr   %nice    %sys %iowait    %irq   %soft  %steal  %guest  %gnice   %idle
11:00:56     all    0.37    0.00    0.44    0.00    0.00    0.12    0.00    0.00    0.00   99.06
11:00:56       0    0.99    0.00    0.00    0.00    0.00    0.00    0.00    0.00    0.00   99.01
11:00:56       1    0.00    0.00    0.00    0.00    0.00    1.96    0.00    0.00    0.00   98.04
11:00:56       2    1.00    0.00    1.00    0.00    0.00    0.00    0.00    0.00    0.00   98.00
11:00:56       3    0.99    0.00    0.00    0.00    0.00    0.00    0.00    0.00    0.00   99.01
11:00:56       4    0.00    0.00    1.00    0.00    0.00    0.00    0.00    0.00    0.00   99.00
11:00:56       5    0.00    0.00    1.00    0.00    0.00    0.00    0.00    0.00    0.00   99.00
11:00:56       6    0.00    0.00    0.00    0.00    0.00    0.00    0.00    0.00    0.00  100.00
11:00:56       7    0.00    0.00    0.00    0.00    0.00    0.00    0.00    0.00    0.00  100.00
11:00:56       8    0.00    0.00    1.00    0.00    0.00    0.00    0.00    0.00    0.00   99.00
11:00:56       9    1.98    0.00    0.00    0.00    0.00    0.00    0.00    0.00    0.00   98.02
11:00:56      10    0.00    0.00    1.01    0.00    0.00    0.00    0.00    0.00    0.00   98.99
11:00:56      11    0.00    0.00    0.00    0.00    0.00    0.00    0.00    0.00    0.00  100.00
11:00:56      12    0.00    0.00    1.00    0.00    0.00    0.00    0.00    0.00    0.00   99.00
11:00:56      13    0.00    0.00    0.00    0.00    0.00    0.00    0.00    0.00    0.00  100.00
11:00:56      14    1.00    0.00    1.00    0.00    0.00    0.00    0.00    0.00    0.00   98.00
11:00:56      15    0.00    0.00    0.00    0.00    0.00    0.00    0.00    0.00    0.00  100.00

11:00:56     CPU    %usr   %nice    %sys %iowait    %irq   %soft  %steal  %guest  %gnice   %idle
11:00:57     all    0.19    0.00    0.31    0.13    0.00    0.06    0.00    0.00    0.00   99.31
11:00:57       0    0.00    0.00    0.00    0.00    0.00    1.00    0.00    0.00    0.00   99.00
11:00:57       1    0.00    0.00    1.00    0.00    0.00    0.00    0.00    0.00    0.00   99.00
11:00:57       2    1.00    0.00    0.00    1.00    0.00    0.00    0.00    0.00    0.00   98.00
11:00:57       3    0.00    0.00    0.00    0.00    0.00    0.00    0.00    0.00    0.00  100.00
11:00:57       4    0.00    0.00    0.00    0.00    0.00    0.00    0.00    0.00    0.00  100.00
11:00:57       5    1.00    0.00    0.00    0.00    0.00    0.00    0.00    0.00    0.00   99.00
11:00:57       6    0.00    0.00    1.00    0.00    0.00    0.00    0.00    0.00    0.00   99.00
11:00:57       7    0.00    0.00    0.00    0.00    0.00    0.00    0.00    0.00    0.00  100.00
11:00:57       8    0.00    0.00    0.00    0.00    0.00    0.00    0.00    0.00    0.00  100.00
11:00:57       9    1.00    0.00    2.00    0.00    0.00    0.00    0.00    0.00    0.00   97.00
11:00:57      10    0.00    0.00    1.00    0.00    0.00    0.00    0.00    0.00    0.00   99.00
11:00:57      11    0.00    0.00    0.00    0.00    0.00    0.00    0.00    0.00    0.00  100.00
11:00:57      12    0.00    0.00    0.00    0.00    0.00    0.00    0.00    0.00    0.00  100.00
11:00:57      13    0.00    0.00    0.00    0.00    0.00    0.00    0.00    0.00    0.00  100.00
11:00:57      14    0.00    0.00    0.00    0.00    0.00    0.00    0.00    0.00    0.00  100.00
11:00:57      15    0.00    0.00    0.00    1.01    0.00    0.00    0.00    0.00    0.00   98.99

11:00:57     CPU    %usr   %nice    %sys %iowait    %irq   %soft  %steal  %guest  %gnice   %idle
11:00:58     all    0.19    0.00    0.12    0.00    0.00    0.00    0.00    0.00    0.00   99.69
11:00:58       0    0.00    0.00    0.00    0.00    0.00    0.00    0.00    0.00    0.00  100.00
11:00:58       1    0.00    0.00    0.00    0.00    0.00    0.00    0.00    0.00    0.00  100.00
11:00:58       2    0.00    0.00    0.00    0.00    0.00    0.00    0.00    0.00    0.00  100.00
11:00:58       3    0.00    0.00    0.00    0.00    0.00    0.00    0.00    0.00    0.00  100.00
11:00:58       4    0.99    0.00    0.00    0.00    0.00    0.00    0.00    0.00    0.00   99.01
11:00:58       5    0.00    0.00    0.99    0.00    0.00    0.00    0.00    0.00    0.00   99.01
11:00:58       6    0.00    0.00    0.00    0.00    0.00    0.00    0.00    0.00    0.00  100.00
11:00:58       7    0.00    0.00    0.00    0.00    0.00    0.00    0.00    0.00    0.00  100.00
11:00:58       8    0.00    0.00    0.00    0.00    0.00    0.00    0.00    0.00    0.00  100.00
11:00:58       9    1.01    0.00    0.00    0.00    0.00    0.00    0.00    0.00    0.00   98.99
11:00:58      10    0.00    0.00    0.00    0.00    0.00    0.00    0.00    0.00    0.00  100.00
11:00:58      11    0.00    0.00    0.00    0.00    0.00    0.00    0.00    0.00    0.00  100.00
11:00:58      12    0.00    0.00    1.00    0.00    0.00    0.00    0.00    0.00    0.00   99.00
11:00:58      13    0.00    0.00    0.00    0.00    0.00    0.00    0.00    0.00    0.00  100.00
11:00:58      14    1.00    0.00    0.00    0.00    0.00    0.00    0.00    0.00    0.00   99.00
11:00:58      15    0.00    0.00    0.00    0.00    0.00    0.00    0.00    0.00    0.00  100.00
